<?xml version="1.0" encoding="UTF-8"?>
<coverage generated="1741207275037" clover="3.2.0">
  <project timestamp="1741207275037" name="All files">
    <metrics statements="125" coveredstatements="109" conditionals="70" coveredconditionals="56" methods="28" coveredmethods="25" elements="223" coveredelements="190" complexity="0" loc="125" ncloc="125" packages="2" files="6" classes="6"/>
    <package name="src">
      <metrics statements="43" coveredstatements="37" conditionals="10" coveredconditionals="8" methods="10" coveredmethods="8"/>
      <file name="App.jsx" path="/Users/awilliams9323/git_personal/meet/src/App.jsx">
        <metrics statements="36" coveredstatements="30" conditionals="10" coveredconditionals="8" methods="7" coveredmethods="5"/>
        <line num="8" count="1" type="stmt"/>
        <line num="9" count="22" type="stmt"/>
        <line num="10" count="21" type="stmt"/>
        <line num="11" count="21" type="stmt"/>
        <line num="12" count="21" type="stmt"/>
        <line num="13" count="21" type="stmt"/>
        <line num="14" count="21" type="stmt"/>
        <line num="16" count="21" type="stmt"/>
        <line num="17" count="10" type="stmt"/>
        <line num="20" count="21" type="stmt"/>
        <line num="21" count="10" type="stmt"/>
        <line num="22" count="10" type="stmt"/>
        <line num="23" count="10" type="stmt"/>
        <line num="24" count="9" type="stmt"/>
        <line num="25" count="9" type="stmt"/>
        <line num="27" count="1" type="stmt"/>
        <line num="28" count="1" type="stmt"/>
        <line num="30" count="10" type="stmt"/>
        <line num="34" count="21" type="stmt"/>
        <line num="35" count="1" type="stmt"/>
        <line num="37" count="1" type="cond" truecount="1" falsecount="1"/>
        <line num="38" count="1" type="stmt"/>
        <line num="39" count="1" type="stmt"/>
        <line num="42" count="0" type="stmt"/>
        <line num="43" count="0" type="stmt"/>
        <line num="45" count="0" type="stmt"/>
        <line num="48" count="21" type="stmt"/>
        <line num="49" count="1" type="stmt"/>
        <line num="51" count="1" type="cond" truecount="3" falsecount="1"/>
        <line num="52" count="1" type="stmt"/>
        <line num="54" count="0" type="stmt"/>
        <line num="55" count="0" type="stmt"/>
        <line num="57" count="0" type="stmt"/>
        <line num="61" count="21" type="cond" truecount="2" falsecount="0"/>
        <line num="62" count="1" type="stmt"/>
        <line num="69" count="20" type="stmt"/>
      </file>
      <file name="api.js" path="/Users/awilliams9323/git_personal/meet/src/api.js">
        <metrics statements="7" coveredstatements="7" conditionals="0" coveredconditionals="0" methods="3" coveredmethods="3"/>
        <line num="2" count="4" type="stmt"/>
        <line num="55" count="4" type="stmt"/>
        <line num="56" count="18" type="stmt"/>
        <line num="57" count="6" type="stmt"/>
        <line num="58" count="6" type="stmt"/>
        <line num="65" count="4" type="stmt"/>
        <line num="67" count="9" type="stmt"/>
      </file>
    </package>
    <package name="src.components">
      <metrics statements="82" coveredstatements="72" conditionals="60" coveredconditionals="48" methods="18" coveredmethods="17"/>
      <file name="CitySearch.jsx" path="/Users/awilliams9323/git_personal/meet/src/components/CitySearch.jsx">
        <metrics statements="42" coveredstatements="36" conditionals="22" coveredconditionals="13" methods="11" coveredmethods="10"/>
        <line num="4" count="2" type="cond" truecount="1" falsecount="0"/>
        <line num="5" count="88" type="stmt"/>
        <line num="6" count="88" type="stmt"/>
        <line num="7" count="88" type="stmt"/>
        <line num="8" count="88" type="stmt"/>
        <line num="10" count="88" type="stmt"/>
        <line num="11" count="47" type="stmt"/>
        <line num="12" count="47" type="cond" truecount="1" falsecount="1"/>
        <line num="13" count="87" type="stmt"/>
        <line num="16" count="47" type="stmt"/>
        <line num="17" count="47" type="stmt"/>
        <line num="18" count="47" type="stmt"/>
        <line num="19" count="47" type="stmt"/>
        <line num="22" count="88" type="stmt"/>
        <line num="23" count="2" type="stmt"/>
        <line num="24" count="2" type="stmt"/>
        <line num="25" count="2" type="stmt"/>
        <line num="26" count="2" type="cond" truecount="2" falsecount="0"/>
        <line num="27" count="1" type="stmt"/>
        <line num="31" count="88" type="stmt"/>
        <line num="32" count="49" type="cond" truecount="1" falsecount="1"/>
        <line num="34" count="49" type="cond" truecount="3" falsecount="2"/>
        <line num="36" count="1" type="stmt"/>
        <line num="37" count="1" type="stmt"/>
        <line num="38" count="1" type="stmt"/>
        <line num="40" count="1" type="stmt"/>
        <line num="41" count="1" type="stmt"/>
        <line num="42" count="1" type="cond" truecount="1" falsecount="1"/>
        <line num="44" count="1" type="stmt"/>
        <line num="46" count="0" type="stmt"/>
        <line num="47" count="0" type="cond" truecount="0" falsecount="2"/>
        <line num="48" count="0" type="stmt"/>
        <line num="50" count="0" type="cond" truecount="0" falsecount="2"/>
        <line num="51" count="0" type="stmt"/>
        <line num="53" count="0" type="stmt"/>
        <line num="55" count="47" type="stmt"/>
        <line num="59" count="88" type="stmt"/>
        <line num="76" count="11" type="stmt"/>
        <line num="88" count="28" type="stmt"/>
        <line num="93" count="1" type="stmt"/>
        <line num="101" count="1" type="stmt"/>
        <line num="111" count="2" type="stmt"/>
      </file>
      <file name="Event.jsx" path="/Users/awilliams9323/git_personal/meet/src/components/Event.jsx">
        <metrics statements="13" coveredstatements="11" conditionals="18" coveredconditionals="16" methods="3" coveredmethods="3"/>
        <line num="4" count="3" type="stmt"/>
        <line num="5" count="55" type="stmt"/>
        <line num="7" count="55" type="stmt"/>
        <line num="8" count="8" type="stmt"/>
        <line num="11" count="55" type="stmt"/>
        <line num="12" count="55" type="cond" truecount="2" falsecount="0"/>
        <line num="13" count="51" type="stmt"/>
        <line num="14" count="51" type="stmt"/>
        <line num="15" count="51" type="stmt"/>
        <line num="20" count="0" type="stmt"/>
        <line num="21" count="0" type="stmt"/>
        <line num="25" count="55" type="stmt"/>
        <line num="79" count="3" type="stmt"/>
      </file>
      <file name="EventList.jsx" path="/Users/awilliams9323/git_personal/meet/src/components/EventList.jsx">
        <metrics statements="5" coveredstatements="5" conditionals="7" coveredconditionals="7" methods="2" coveredmethods="2"/>
        <line num="5" count="2" type="cond" truecount="1" falsecount="0"/>
        <line num="6" count="23" type="cond" truecount="2" falsecount="0"/>
        <line num="8" count="23" type="stmt"/>
        <line num="17" count="26" type="stmt"/>
        <line num="32" count="2" type="stmt"/>
      </file>
      <file name="NumberOfEvents.jsx" path="/Users/awilliams9323/git_personal/meet/src/components/NumberOfEvents.jsx">
        <metrics statements="22" coveredstatements="20" conditionals="13" coveredconditionals="12" methods="2" coveredmethods="2"/>
        <line num="4" count="2" type="cond" truecount="1" falsecount="0"/>
        <line num="5" count="33" type="stmt"/>
        <line num="6" count="33" type="stmt"/>
        <line num="8" count="33" type="stmt"/>
        <line num="9" count="17" type="stmt"/>
        <line num="10" count="17" type="stmt"/>
        <line num="13" count="17" type="cond" truecount="2" falsecount="0"/>
        <line num="14" count="7" type="stmt"/>
        <line num="15" count="7" type="stmt"/>
        <line num="16" count="7" type="stmt"/>
        <line num="20" count="10" type="cond" truecount="1" falsecount="1"/>
        <line num="21" count="0" type="stmt"/>
        <line num="22" count="0" type="stmt"/>
        <line num="23" count="10" type="cond" truecount="2" falsecount="0"/>
        <line num="24" count="1" type="stmt"/>
        <line num="25" count="1" type="stmt"/>
        <line num="27" count="9" type="stmt"/>
        <line num="31" count="10" type="stmt"/>
        <line num="32" count="10" type="cond" truecount="2" falsecount="0"/>
        <line num="33" count="3" type="stmt"/>
        <line num="37" count="33" type="stmt"/>
        <line num="70" count="2" type="stmt"/>
      </file>
    </package>
  </project>
</coverage>
