{"/Users/awilliams9323/git_personal/meet/src/App.jsx": {"path":"/Users/awilliams9323/git_personal/meet/src/App.jsx","statementMap":{"0":{"start":{"line":7,"column":12},"end":{"line":21,"column":1}},"1":{"start":{"line":8,"column":30},"end":{"line":8,"column":42}},"2":{"start":{"line":9,"column":46},"end":{"line":9,"column":58}},"3":{"start":{"line":11,"column":2},"end":{"line":20,"column":3}}},"fnMap":{"0":{"name":"(anonymous_0)","decl":{"start":{"line":7,"column":12},"end":{"line":7,"column":13}},"loc":{"start":{"line":7,"column":18},"end":{"line":21,"column":1}},"line":7}},"branchMap":{},"s":{"0":1,"1":3,"2":3,"3":3},"f":{"0":3},"b":{},"_coverageSchema":"1a1c01bbd47fc00a2c39e90264f33305004495a9","hash":"233870cd3bdbe23757b864eff9ce1a9827f01b24"}
,"/Users/awilliams9323/git_personal/meet/src/components/CitySearch.jsx": {"path":"/Users/awilliams9323/git_personal/meet/src/components/CitySearch.jsx","statementMap":{"0":{"start":{"line":3,"column":19},"end":{"line":22,"column":1}},"1":{"start":{"line":4,"column":48},"end":{"line":4,"column":63}},"2":{"start":{"line":6,"column":2},"end":{"line":21,"column":4}},"3":{"start":{"line":11,"column":23},"end":{"line":11,"column":47}}},"fnMap":{"0":{"name":"(anonymous_0)","decl":{"start":{"line":3,"column":19},"end":{"line":3,"column":20}},"loc":{"start":{"line":3,"column":25},"end":{"line":22,"column":1}},"line":3},"1":{"name":"(anonymous_1)","decl":{"start":{"line":11,"column":17},"end":{"line":11,"column":18}},"loc":{"start":{"line":11,"column":23},"end":{"line":11,"column":47}},"line":11}},"branchMap":{"0":{"loc":{"start":{"line":13,"column":7},"end":{"line":19,"column":7}},"type":"binary-expr","locations":[{"start":{"line":13,"column":7},"end":{"line":13,"column":22}},{"start":{"line":14,"column":8},"end":{"line":18,"column":13}}],"line":13}},"s":{"0":2,"1":6,"2":6,"3":1},"f":{"0":6,"1":1},"b":{"0":[6,1]},"_coverageSchema":"1a1c01bbd47fc00a2c39e90264f33305004495a9","hash":"785968d96034bdc8ca753e8ddcc7098d8bf36615"}
,"/Users/awilliams9323/git_personal/meet/src/components/Event.jsx": {"path":"/Users/awilliams9323/git_personal/meet/src/components/Event.jsx","statementMap":{"0":{"start":{"line":4,"column":14},"end":{"line":68,"column":1}},"1":{"start":{"line":5,"column":40},"end":{"line":5,"column":55}},"2":{"start":{"line":7,"column":2},"end":{"line":7,"column":26}},"3":{"start":{"line":7,"column":14},"end":{"line":7,"column":26}},"4":{"start":{"line":9,"column":21},"end":{"line":19,"column":3}},"5":{"start":{"line":10,"column":20},"end":{"line":17,"column":5}},"6":{"start":{"line":18,"column":4},"end":{"line":18,"column":65}},"7":{"start":{"line":22,"column":18},"end":{"line":22,"column":45}},"8":{"start":{"line":23,"column":19},"end":{"line":23,"column":50}},"9":{"start":{"line":24,"column":22},"end":{"line":24,"column":69}},"10":{"start":{"line":25,"column":24},"end":{"line":25,"column":90}},"11":{"start":{"line":26,"column":19},"end":{"line":26,"column":49}},"12":{"start":{"line":28,"column":2},"end":{"line":67,"column":4}},"13":{"start":{"line":39,"column":23},"end":{"line":39,"column":51}},"14":{"start":{"line":70,"column":0},"end":{"line":87,"column":2}}},"fnMap":{"0":{"name":"(anonymous_0)","decl":{"start":{"line":4,"column":14},"end":{"line":4,"column":15}},"loc":{"start":{"line":4,"column":29},"end":{"line":68,"column":1}},"line":4},"1":{"name":"(anonymous_1)","decl":{"start":{"line":9,"column":21},"end":{"line":9,"column":22}},"loc":{"start":{"line":9,"column":45},"end":{"line":19,"column":3}},"line":9},"2":{"name":"(anonymous_2)","decl":{"start":{"line":39,"column":17},"end":{"line":39,"column":18}},"loc":{"start":{"line":39,"column":23},"end":{"line":39,"column":51}},"line":39}},"branchMap":{"0":{"loc":{"start":{"line":7,"column":2},"end":{"line":7,"column":26}},"type":"if","locations":[{"start":{"line":7,"column":2},"end":{"line":7,"column":26}},{"start":{},"end":{}}],"line":7},"1":{"loc":{"start":{"line":16,"column":16},"end":{"line":16,"column":33}},"type":"binary-expr","locations":[{"start":{"line":16,"column":16},"end":{"line":16,"column":24}},{"start":{"line":16,"column":28},"end":{"line":16,"column":33}}],"line":16},"2":{"loc":{"start":{"line":22,"column":18},"end":{"line":22,"column":45}},"type":"binary-expr","locations":[{"start":{"line":22,"column":18},"end":{"line":22,"column":31}},{"start":{"line":22,"column":35},"end":{"line":22,"column":45}}],"line":22},"3":{"loc":{"start":{"line":23,"column":19},"end":{"line":23,"column":50}},"type":"binary-expr","locations":[{"start":{"line":23,"column":19},"end":{"line":23,"column":33}},{"start":{"line":23,"column":37},"end":{"line":23,"column":50}}],"line":23},"4":{"loc":{"start":{"line":24,"column":22},"end":{"line":24,"column":69}},"type":"binary-expr","locations":[{"start":{"line":24,"column":22},"end":{"line":24,"column":39}},{"start":{"line":24,"column":43},"end":{"line":24,"column":69}}],"line":24},"5":{"loc":{"start":{"line":25,"column":24},"end":{"line":25,"column":90}},"type":"binary-expr","locations":[{"start":{"line":25,"column":24},"end":{"line":25,"column":45}},{"start":{"line":25,"column":49},"end":{"line":25,"column":62}},{"start":{"line":25,"column":66},"end":{"line":25,"column":90}}],"line":25},"6":{"loc":{"start":{"line":26,"column":19},"end":{"line":26,"column":49}},"type":"binary-expr","locations":[{"start":{"line":26,"column":19},"end":{"line":26,"column":40}},{"start":{"line":26,"column":44},"end":{"line":26,"column":49}}],"line":26},"7":{"loc":{"start":{"line":43,"column":9},"end":{"line":43,"column":54}},"type":"cond-expr","locations":[{"start":{"line":43,"column":23},"end":{"line":43,"column":37}},{"start":{"line":43,"column":40},"end":{"line":43,"column":54}}],"line":43},"8":{"loc":{"start":{"line":46,"column":7},"end":{"line":65,"column":7}},"type":"binary-expr","locations":[{"start":{"line":46,"column":7},"end":{"line":46,"column":18}},{"start":{"line":47,"column":8},"end":{"line":64,"column":14}}],"line":46},"9":{"loc":{"start":{"line":54,"column":11},"end":{"line":63,"column":11}},"type":"binary-expr","locations":[{"start":{"line":54,"column":11},"end":{"line":54,"column":25}},{"start":{"line":55,"column":12},"end":{"line":62,"column":16}}],"line":54}},"s":{"0":1,"1":13,"2":13,"3":1,"4":12,"5":12,"6":12,"7":12,"8":12,"9":12,"10":12,"11":12,"12":12,"13":3,"14":1},"f":{"0":13,"1":12,"2":3},"b":{"0":[1,12],"1":[12,0],"2":[12,0],"3":[12,1],"4":[12,1],"5":[12,3,2],"6":[12,3],"7":[2,10],"8":[12,2],"9":[2,2]},"_coverageSchema":"1a1c01bbd47fc00a2c39e90264f33305004495a9","hash":"f95074dc61b989e8d5f942249e1acda720c310b6"}
,"/Users/awilliams9323/git_personal/meet/src/components/EventList.jsx": {"path":"/Users/awilliams9323/git_personal/meet/src/components/EventList.jsx","statementMap":{"0":{"start":{"line":3,"column":18},"end":{"line":13,"column":1}},"1":{"start":{"line":4,"column":2},"end":{"line":12,"column":4}},"2":{"start":{"line":7,"column":8},"end":{"line":9,"column":13}}},"fnMap":{"0":{"name":"(anonymous_0)","decl":{"start":{"line":3,"column":18},"end":{"line":3,"column":19}},"loc":{"start":{"line":3,"column":39},"end":{"line":13,"column":1}},"line":3},"1":{"name":"(anonymous_1)","decl":{"start":{"line":6,"column":18},"end":{"line":6,"column":19}},"loc":{"start":{"line":7,"column":8},"end":{"line":9,"column":13}},"line":7}},"branchMap":{"0":{"loc":{"start":{"line":3,"column":21},"end":{"line":3,"column":32}},"type":"default-arg","locations":[{"start":{"line":3,"column":30},"end":{"line":3,"column":32}}],"line":3}},"s":{"0":2,"1":5,"2":3},"f":{"0":5,"1":3},"b":{"0":[1]},"_coverageSchema":"1a1c01bbd47fc00a2c39e90264f33305004495a9","hash":"17f00c90d277184e0a0650598bb8d2e71d7845b1"}
,"/Users/awilliams9323/git_personal/meet/src/components/NumberOfEvents.jsx": {"path":"/Users/awilliams9323/git_personal/meet/src/components/NumberOfEvents.jsx","statementMap":{"0":{"start":{"line":4,"column":23},"end":{"line":64,"column":1}},"1":{"start":{"line":5,"column":30},"end":{"line":5,"column":65}},"2":{"start":{"line":6,"column":28},"end":{"line":6,"column":40}},"3":{"start":{"line":8,"column":29},"end":{"line":31,"column":3}},"4":{"start":{"line":9,"column":18},"end":{"line":9,"column":36}},"5":{"start":{"line":10,"column":4},"end":{"line":10,"column":21}},"6":{"start":{"line":13,"column":4},"end":{"line":16,"column":5}},"7":{"start":{"line":14,"column":6},"end":{"line":14,"column":37}},"8":{"start":{"line":15,"column":6},"end":{"line":15,"column":13}},"9":{"start":{"line":18,"column":24},"end":{"line":18,"column":43}},"10":{"start":{"line":19,"column":4},"end":{"line":22,"column":5}},"11":{"start":{"line":20,"column":6},"end":{"line":20,"column":46}},"12":{"start":{"line":21,"column":6},"end":{"line":21,"column":13}},"13":{"start":{"line":24,"column":4},"end":{"line":27,"column":5}},"14":{"start":{"line":25,"column":6},"end":{"line":25,"column":48}},"15":{"start":{"line":26,"column":6},"end":{"line":26,"column":13}},"16":{"start":{"line":29,"column":4},"end":{"line":29,"column":17}},"17":{"start":{"line":30,"column":4},"end":{"line":30,"column":50}},"18":{"start":{"line":33,"column":2},"end":{"line":63,"column":4}},"19":{"start":{"line":66,"column":0},"end":{"line":69,"column":2}}},"fnMap":{"0":{"name":"(anonymous_0)","decl":{"start":{"line":4,"column":23},"end":{"line":4,"column":24}},"loc":{"start":{"line":4,"column":68},"end":{"line":64,"column":1}},"line":4},"1":{"name":"(anonymous_1)","decl":{"start":{"line":8,"column":29},"end":{"line":8,"column":30}},"loc":{"start":{"line":8,"column":40},"end":{"line":31,"column":3}},"line":8}},"branchMap":{"0":{"loc":{"start":{"line":4,"column":26},"end":{"line":4,"column":45}},"type":"default-arg","locations":[{"start":{"line":4,"column":43},"end":{"line":4,"column":45}}],"line":4},"1":{"loc":{"start":{"line":13,"column":4},"end":{"line":16,"column":5}},"type":"if","locations":[{"start":{"line":13,"column":4},"end":{"line":16,"column":5}},{"start":{},"end":{}}],"line":13},"2":{"loc":{"start":{"line":19,"column":4},"end":{"line":22,"column":5}},"type":"if","locations":[{"start":{"line":19,"column":4},"end":{"line":22,"column":5}},{"start":{},"end":{}}],"line":19},"3":{"loc":{"start":{"line":24,"column":4},"end":{"line":27,"column":5}},"type":"if","locations":[{"start":{"line":24,"column":4},"end":{"line":27,"column":5}},{"start":{},"end":{}}],"line":24},"4":{"loc":{"start":{"line":30,"column":4},"end":{"line":30,"column":49}},"type":"binary-expr","locations":[{"start":{"line":30,"column":4},"end":{"line":30,"column":18}},{"start":{"line":30,"column":22},"end":{"line":30,"column":49}}],"line":30},"5":{"loc":{"start":{"line":49,"column":26},"end":{"line":49,"column":70}},"type":"cond-expr","locations":[{"start":{"line":49,"column":34},"end":{"line":49,"column":58}},{"start":{"line":49,"column":61},"end":{"line":49,"column":70}}],"line":49},"6":{"loc":{"start":{"line":52,"column":7},"end":{"line":61,"column":7}},"type":"binary-expr","locations":[{"start":{"line":52,"column":7},"end":{"line":52,"column":12}},{"start":{"line":53,"column":8},"end":{"line":60,"column":14}}],"line":52}},"s":{"0":2,"1":24,"2":24,"3":24,"4":13,"5":13,"6":13,"7":6,"8":6,"9":7,"10":7,"11":0,"12":0,"13":7,"14":3,"15":3,"16":4,"17":4,"18":24,"19":2},"f":{"0":24,"1":13},"b":{"0":[20],"1":[6,7],"2":[0,7],"3":[3,4],"4":[4,2],"5":[9,15],"6":[24,9]},"_coverageSchema":"1a1c01bbd47fc00a2c39e90264f33305004495a9","hash":"d5d63d7b5f511ce63d6bb64517af123ddd7ebb09"}
}
