{"/Users/awilliams9323/git_personal/meet/src/App.jsx": {"path":"/Users/awilliams9323/git_personal/meet/src/App.jsx","statementMap":{"0":{"start":{"line":8,"column":12},"end":{"line":97,"column":1}},"1":{"start":{"line":9,"column":30},"end":{"line":9,"column":42}},"2":{"start":{"line":10,"column":40},"end":{"line":10,"column":55}},"3":{"start":{"line":11,"column":42},"end":{"line":11,"column":54}},"4":{"start":{"line":12,"column":36},"end":{"line":12,"column":50}},"5":{"start":{"line":13,"column":28},"end":{"line":13,"column":42}},"6":{"start":{"line":14,"column":46},"end":{"line":14,"column":58}},"7":{"start":{"line":16,"column":2},"end":{"line":18,"column":9}},"8":{"start":{"line":17,"column":4},"end":{"line":17,"column":16}},"9":{"start":{"line":20,"column":20},"end":{"line":32,"column":3}},"10":{"start":{"line":21,"column":4},"end":{"line":31,"column":5}},"11":{"start":{"line":22,"column":6},"end":{"line":22,"column":25}},"12":{"start":{"line":23,"column":24},"end":{"line":23,"column":41}},"13":{"start":{"line":24,"column":6},"end":{"line":24,"column":52}},"14":{"start":{"line":25,"column":6},"end":{"line":25,"column":51}},"15":{"start":{"line":27,"column":6},"end":{"line":27,"column":66}},"16":{"start":{"line":28,"column":6},"end":{"line":28,"column":57}},"17":{"start":{"line":30,"column":6},"end":{"line":30,"column":26}},"18":{"start":{"line":34,"column":29},"end":{"line":46,"column":30}},"19":{"start":{"line":35,"column":4},"end":{"line":35,"column":25}},"20":{"start":{"line":37,"column":4},"end":{"line":40,"column":5}},"21":{"start":{"line":38,"column":6},"end":{"line":38,"column":49}},"22":{"start":{"line":39,"column":6},"end":{"line":39,"column":13}},"23":{"start":{"line":42,"column":27},"end":{"line":44,"column":30}},"24":{"start":{"line":43,"column":6},"end":{"line":43,"column":29}},"25":{"start":{"line":45,"column":4},"end":{"line":45,"column":30}},"26":{"start":{"line":48,"column":37},"end":{"line":59,"column":27}},"27":{"start":{"line":49,"column":4},"end":{"line":49,"column":30}},"28":{"start":{"line":51,"column":4},"end":{"line":58,"column":5}},"29":{"start":{"line":52,"column":6},"end":{"line":52,"column":41}},"30":{"start":{"line":54,"column":29},"end":{"line":56,"column":24}},"31":{"start":{"line":55,"column":8},"end":{"line":55,"column":38}},"32":{"start":{"line":57,"column":6},"end":{"line":57,"column":32}},"33":{"start":{"line":61,"column":2},"end":{"line":67,"column":3}},"34":{"start":{"line":62,"column":4},"end":{"line":66,"column":6}},"35":{"start":{"line":69,"column":2},"end":{"line":96,"column":4}}},"fnMap":{"0":{"name":"(anonymous_0)","decl":{"start":{"line":8,"column":12},"end":{"line":8,"column":13}},"loc":{"start":{"line":8,"column":18},"end":{"line":97,"column":1}},"line":8},"1":{"name":"(anonymous_1)","decl":{"start":{"line":16,"column":12},"end":{"line":16,"column":13}},"loc":{"start":{"line":16,"column":18},"end":{"line":18,"column":3}},"line":16},"2":{"name":"(anonymous_2)","decl":{"start":{"line":20,"column":20},"end":{"line":20,"column":21}},"loc":{"start":{"line":20,"column":32},"end":{"line":32,"column":3}},"line":20},"3":{"name":"(anonymous_3)","decl":{"start":{"line":34,"column":41},"end":{"line":34,"column":42}},"loc":{"start":{"line":34,"column":51},"end":{"line":46,"column":3}},"line":34},"4":{"name":"(anonymous_4)","decl":{"start":{"line":42,"column":41},"end":{"line":42,"column":42}},"loc":{"start":{"line":43,"column":6},"end":{"line":43,"column":29}},"line":43},"5":{"name":"(anonymous_5)","decl":{"start":{"line":48,"column":49},"end":{"line":48,"column":50}},"loc":{"start":{"line":48,"column":61},"end":{"line":59,"column":3}},"line":48},"6":{"name":"(anonymous_6)","decl":{"start":{"line":54,"column":43},"end":{"line":54,"column":44}},"loc":{"start":{"line":55,"column":8},"end":{"line":55,"column":38}},"line":55}},"branchMap":{"0":{"loc":{"start":{"line":37,"column":4},"end":{"line":40,"column":5}},"type":"if","locations":[{"start":{"line":37,"column":4},"end":{"line":40,"column":5}},{"start":{},"end":{}}],"line":37},"1":{"loc":{"start":{"line":51,"column":4},"end":{"line":58,"column":5}},"type":"if","locations":[{"start":{"line":51,"column":4},"end":{"line":58,"column":5}},{"start":{"line":53,"column":11},"end":{"line":58,"column":5}}],"line":51},"2":{"loc":{"start":{"line":51,"column":8},"end":{"line":51,"column":45}},"type":"binary-expr","locations":[{"start":{"line":51,"column":8},"end":{"line":51,"column":20}},{"start":{"line":51,"column":24},"end":{"line":51,"column":45}}],"line":51},"3":{"loc":{"start":{"line":61,"column":2},"end":{"line":67,"column":3}},"type":"if","locations":[{"start":{"line":61,"column":2},"end":{"line":67,"column":3}},{"start":{},"end":{}}],"line":61},"4":{"loc":{"start":{"line":72,"column":7},"end":{"line":94,"column":7}},"type":"cond-expr","locations":[{"start":{"line":73,"column":8},"end":{"line":79,"column":14}},{"start":{"line":81,"column":8},"end":{"line":93,"column":11}}],"line":72}},"s":{"0":1,"1":22,"2":21,"3":21,"4":21,"5":21,"6":21,"7":21,"8":10,"9":21,"10":10,"11":10,"12":10,"13":9,"14":9,"15":1,"16":1,"17":10,"18":21,"19":1,"20":1,"21":1,"22":1,"23":0,"24":0,"25":0,"26":21,"27":1,"28":1,"29":1,"30":0,"31":0,"32":0,"33":21,"34":1,"35":20},"f":{"0":22,"1":10,"2":10,"3":1,"4":0,"5":1,"6":0},"b":{"0":[1,0],"1":[1,0],"2":[1,1],"3":[1,20],"4":[10,10]},"_coverageSchema":"1a1c01bbd47fc00a2c39e90264f33305004495a9","hash":"f7952c8e53550bfa03887998c69dba36a70d8941"}
,"/Users/awilliams9323/git_personal/meet/src/api.js": {"path":"/Users/awilliams9323/git_personal/meet/src/api.js","statementMap":{"0":{"start":{"line":2,"column":17},"end":{"line":48,"column":1}},"1":{"start":{"line":55,"column":32},"end":{"line":59,"column":1}},"2":{"start":{"line":56,"column":20},"end":{"line":56,"column":55}},"3":{"start":{"line":56,"column":40},"end":{"line":56,"column":54}},"4":{"start":{"line":57,"column":26},"end":{"line":57,"column":49}},"5":{"start":{"line":58,"column":2},"end":{"line":58,"column":25}},"6":{"start":{"line":65,"column":25},"end":{"line":68,"column":1}},"7":{"start":{"line":67,"column":2},"end":{"line":67,"column":35}}},"fnMap":{"0":{"name":"(anonymous_0)","decl":{"start":{"line":55,"column":32},"end":{"line":55,"column":33}},"loc":{"start":{"line":55,"column":44},"end":{"line":59,"column":1}},"line":55},"1":{"name":"(anonymous_1)","decl":{"start":{"line":56,"column":31},"end":{"line":56,"column":32}},"loc":{"start":{"line":56,"column":40},"end":{"line":56,"column":54}},"line":56},"2":{"name":"(anonymous_2)","decl":{"start":{"line":65,"column":25},"end":{"line":65,"column":26}},"loc":{"start":{"line":65,"column":37},"end":{"line":68,"column":1}},"line":65}},"branchMap":{},"s":{"0":4,"1":4,"2":6,"3":18,"4":6,"5":6,"6":4,"7":9},"f":{"0":6,"1":18,"2":9},"b":{},"_coverageSchema":"1a1c01bbd47fc00a2c39e90264f33305004495a9","hash":"4a6eaf17767e3d3faa364a1ae7eb767a3cb5eef8"}
,"/Users/awilliams9323/git_personal/meet/src/components/CitySearch.jsx": {"path":"/Users/awilliams9323/git_personal/meet/src/components/CitySearch.jsx","statementMap":{"0":{"start":{"line":4,"column":19},"end":{"line":109,"column":1}},"1":{"start":{"line":5,"column":48},"end":{"line":5,"column":63}},"2":{"start":{"line":6,"column":28},"end":{"line":6,"column":40}},"3":{"start":{"line":7,"column":40},"end":{"line":7,"column":52}},"4":{"start":{"line":8,"column":54},"end":{"line":8,"column":66}},"5":{"start":{"line":10,"column":29},"end":{"line":20,"column":20}},"6":{"start":{"line":11,"column":18},"end":{"line":11,"column":43}},"7":{"start":{"line":12,"column":30},"end":{"line":14,"column":11}},"8":{"start":{"line":13,"column":6},"end":{"line":13,"column":70}},"9":{"start":{"line":16,"column":4},"end":{"line":16,"column":20}},"10":{"start":{"line":17,"column":4},"end":{"line":17,"column":38}},"11":{"start":{"line":18,"column":4},"end":{"line":18,"column":29}},"12":{"start":{"line":19,"column":4},"end":{"line":19,"column":30}},"13":{"start":{"line":22,"column":28},"end":{"line":29,"column":20}},"14":{"start":{"line":23,"column":4},"end":{"line":23,"column":25}},"15":{"start":{"line":24,"column":4},"end":{"line":24,"column":30}},"16":{"start":{"line":25,"column":4},"end":{"line":25,"column":30}},"17":{"start":{"line":26,"column":4},"end":{"line":28,"column":5}},"18":{"start":{"line":27,"column":6},"end":{"line":27,"column":31}},"19":{"start":{"line":31,"column":24},"end":{"line":57,"column":75}},"20":{"start":{"line":32,"column":4},"end":{"line":32,"column":33}},"21":{"start":{"line":32,"column":26},"end":{"line":32,"column":33}},"22":{"start":{"line":34,"column":4},"end":{"line":56,"column":5}},"23":{"start":{"line":36,"column":8},"end":{"line":36,"column":34}},"24":{"start":{"line":37,"column":8},"end":{"line":37,"column":34}},"25":{"start":{"line":38,"column":8},"end":{"line":38,"column":14}},"26":{"start":{"line":40,"column":8},"end":{"line":40,"column":31}},"27":{"start":{"line":41,"column":8},"end":{"line":43,"column":10}},"28":{"start":{"line":42,"column":10},"end":{"line":42,"column":53}},"29":{"start":{"line":44,"column":8},"end":{"line":44,"column":14}},"30":{"start":{"line":46,"column":8},"end":{"line":46,"column":31}},"31":{"start":{"line":47,"column":8},"end":{"line":47,"column":66}},"32":{"start":{"line":47,"column":38},"end":{"line":47,"column":64}},"33":{"start":{"line":48,"column":8},"end":{"line":48,"column":14}},"34":{"start":{"line":50,"column":8},"end":{"line":52,"column":9}},"35":{"start":{"line":51,"column":10},"end":{"line":51,"column":61}},"36":{"start":{"line":53,"column":8},"end":{"line":53,"column":14}},"37":{"start":{"line":55,"column":8},"end":{"line":55,"column":14}},"38":{"start":{"line":59,"column":2},"end":{"line":108,"column":4}},"39":{"start":{"line":76,"column":23},"end":{"line":76,"column":47}},"40":{"start":{"line":88,"column":12},"end":{"line":96,"column":17}},"41":{"start":{"line":93,"column":29},"end":{"line":93,"column":58}},"42":{"start":{"line":101,"column":27},"end":{"line":101,"column":48}},"43":{"start":{"line":111,"column":0},"end":{"line":114,"column":2}}},"fnMap":{"0":{"name":"(anonymous_0)","decl":{"start":{"line":4,"column":19},"end":{"line":4,"column":20}},"loc":{"start":{"line":4,"column":60},"end":{"line":109,"column":1}},"line":4},"1":{"name":"(anonymous_1)","decl":{"start":{"line":10,"column":41},"end":{"line":10,"column":42}},"loc":{"start":{"line":10,"column":52},"end":{"line":20,"column":3}},"line":10},"2":{"name":"(anonymous_2)","decl":{"start":{"line":12,"column":65},"end":{"line":12,"column":66}},"loc":{"start":{"line":12,"column":79},"end":{"line":14,"column":5}},"line":12},"3":{"name":"(anonymous_3)","decl":{"start":{"line":22,"column":40},"end":{"line":22,"column":41}},"loc":{"start":{"line":22,"column":56},"end":{"line":29,"column":3}},"line":22},"4":{"name":"(anonymous_4)","decl":{"start":{"line":31,"column":36},"end":{"line":31,"column":37}},"loc":{"start":{"line":31,"column":47},"end":{"line":57,"column":3}},"line":31},"5":{"name":"(anonymous_5)","decl":{"start":{"line":41,"column":30},"end":{"line":41,"column":31}},"loc":{"start":{"line":42,"column":10},"end":{"line":42,"column":53}},"line":42},"6":{"name":"(anonymous_6)","decl":{"start":{"line":47,"column":30},"end":{"line":47,"column":31}},"loc":{"start":{"line":47,"column":38},"end":{"line":47,"column":64}},"line":47},"7":{"name":"(anonymous_7)","decl":{"start":{"line":76,"column":17},"end":{"line":76,"column":18}},"loc":{"start":{"line":76,"column":23},"end":{"line":76,"column":47}},"line":76},"8":{"name":"(anonymous_8)","decl":{"start":{"line":87,"column":27},"end":{"line":87,"column":28}},"loc":{"start":{"line":88,"column":12},"end":{"line":96,"column":17}},"line":88},"9":{"name":"(anonymous_9)","decl":{"start":{"line":93,"column":23},"end":{"line":93,"column":24}},"loc":{"start":{"line":93,"column":29},"end":{"line":93,"column":58}},"line":93},"10":{"name":"(anonymous_10)","decl":{"start":{"line":101,"column":21},"end":{"line":101,"column":22}},"loc":{"start":{"line":101,"column":27},"end":{"line":101,"column":48}},"line":101}},"branchMap":{"0":{"loc":{"start":{"line":4,"column":22},"end":{"line":4,"column":39}},"type":"default-arg","locations":[{"start":{"line":4,"column":37},"end":{"line":4,"column":39}}],"line":4},"1":{"loc":{"start":{"line":12,"column":30},"end":{"line":14,"column":11}},"type":"cond-expr","locations":[{"start":{"line":12,"column":45},"end":{"line":14,"column":6}},{"start":{"line":14,"column":9},"end":{"line":14,"column":11}}],"line":12},"2":{"loc":{"start":{"line":26,"column":4},"end":{"line":28,"column":5}},"type":"if","locations":[{"start":{"line":26,"column":4},"end":{"line":28,"column":5}},{"start":{},"end":{}}],"line":26},"3":{"loc":{"start":{"line":32,"column":4},"end":{"line":32,"column":33}},"type":"if","locations":[{"start":{"line":32,"column":4},"end":{"line":32,"column":33}},{"start":{},"end":{}}],"line":32},"4":{"loc":{"start":{"line":34,"column":4},"end":{"line":56,"column":5}},"type":"switch","locations":[{"start":{"line":35,"column":6},"end":{"line":38,"column":14}},{"start":{"line":39,"column":6},"end":{"line":44,"column":14}},{"start":{"line":45,"column":6},"end":{"line":48,"column":14}},{"start":{"line":49,"column":6},"end":{"line":53,"column":14}},{"start":{"line":54,"column":6},"end":{"line":55,"column":14}}],"line":34},"5":{"loc":{"start":{"line":42,"column":10},"end":{"line":42,"column":53}},"type":"cond-expr","locations":[{"start":{"line":42,"column":38},"end":{"line":42,"column":46}},{"start":{"line":42,"column":49},"end":{"line":42,"column":53}}],"line":42},"6":{"loc":{"start":{"line":47,"column":38},"end":{"line":47,"column":64}},"type":"cond-expr","locations":[{"start":{"line":47,"column":49},"end":{"line":47,"column":57}},{"start":{"line":47,"column":60},"end":{"line":47,"column":64}}],"line":47},"7":{"loc":{"start":{"line":50,"column":8},"end":{"line":52,"column":9}},"type":"if","locations":[{"start":{"line":50,"column":8},"end":{"line":52,"column":9}},{"start":{},"end":{}}],"line":50},"8":{"loc":{"start":{"line":80,"column":7},"end":{"line":106,"column":7}},"type":"binary-expr","locations":[{"start":{"line":80,"column":7},"end":{"line":80,"column":22}},{"start":{"line":81,"column":8},"end":{"line":105,"column":13}}],"line":80},"9":{"loc":{"start":{"line":92,"column":24},"end":{"line":92,"column":61}},"type":"cond-expr","locations":[{"start":{"line":92,"column":55},"end":{"line":92,"column":56}},{"start":{"line":92,"column":59},"end":{"line":92,"column":61}}],"line":92}},"s":{"0":2,"1":88,"2":88,"3":88,"4":88,"5":88,"6":47,"7":47,"8":87,"9":47,"10":47,"11":47,"12":47,"13":88,"14":2,"15":2,"16":2,"17":2,"18":1,"19":88,"20":49,"21":0,"22":49,"23":1,"24":1,"25":1,"26":1,"27":1,"28":1,"29":1,"30":0,"31":0,"32":0,"33":0,"34":0,"35":0,"36":0,"37":47,"38":88,"39":11,"40":28,"41":1,"42":1,"43":2},"f":{"0":88,"1":47,"2":87,"3":2,"4":49,"5":1,"6":0,"7":11,"8":28,"9":1,"10":1},"b":{"0":[44],"1":[47,0],"2":[1,1],"3":[0,49],"4":[1,1,0,0,47],"5":[1,0],"6":[0,0],"7":[0,0],"8":[88,59],"9":[1,27]},"_coverageSchema":"1a1c01bbd47fc00a2c39e90264f33305004495a9","hash":"1bdabbe5e55ccee61d135a5497ae8f7623119254"}
,"/Users/awilliams9323/git_personal/meet/src/components/Event.jsx": {"path":"/Users/awilliams9323/git_personal/meet/src/components/Event.jsx","statementMap":{"0":{"start":{"line":4,"column":14},"end":{"line":77,"column":1}},"1":{"start":{"line":5,"column":38},"end":{"line":5,"column":53}},"2":{"start":{"line":7,"column":24},"end":{"line":9,"column":18}},"3":{"start":{"line":8,"column":4},"end":{"line":8,"column":31}},"4":{"start":{"line":11,"column":25},"end":{"line":23,"column":3}},"5":{"start":{"line":12,"column":4},"end":{"line":12,"column":49}},"6":{"start":{"line":12,"column":22},"end":{"line":12,"column":49}},"7":{"start":{"line":13,"column":4},"end":{"line":22,"column":5}},"8":{"start":{"line":14,"column":19},"end":{"line":14,"column":40}},"9":{"start":{"line":15,"column":6},"end":{"line":18,"column":9}},"10":{"start":{"line":20,"column":6},"end":{"line":20,"column":53}},"11":{"start":{"line":21,"column":6},"end":{"line":21,"column":28}},"12":{"start":{"line":25,"column":2},"end":{"line":76,"column":4}},"13":{"start":{"line":79,"column":0},"end":{"line":95,"column":2}}},"fnMap":{"0":{"name":"(anonymous_0)","decl":{"start":{"line":4,"column":14},"end":{"line":4,"column":15}},"loc":{"start":{"line":4,"column":29},"end":{"line":77,"column":1}},"line":4},"1":{"name":"(anonymous_1)","decl":{"start":{"line":7,"column":36},"end":{"line":7,"column":37}},"loc":{"start":{"line":7,"column":42},"end":{"line":9,"column":3}},"line":7},"2":{"name":"(anonymous_2)","decl":{"start":{"line":11,"column":25},"end":{"line":11,"column":26}},"loc":{"start":{"line":11,"column":42},"end":{"line":23,"column":3}},"line":11}},"branchMap":{"0":{"loc":{"start":{"line":12,"column":4},"end":{"line":12,"column":49}},"type":"if","locations":[{"start":{"line":12,"column":4},"end":{"line":12,"column":49}},{"start":{},"end":{}}],"line":12},"1":{"loc":{"start":{"line":29,"column":28},"end":{"line":29,"column":65}},"type":"binary-expr","locations":[{"start":{"line":29,"column":28},"end":{"line":29,"column":41}},{"start":{"line":29,"column":45},"end":{"line":29,"column":65}}],"line":29},"2":{"loc":{"start":{"line":32,"column":13},"end":{"line":32,"column":50}},"type":"binary-expr","locations":[{"start":{"line":32,"column":13},"end":{"line":32,"column":26}},{"start":{"line":32,"column":30},"end":{"line":32,"column":50}}],"line":32},"3":{"loc":{"start":{"line":35,"column":11},"end":{"line":35,"column":52}},"type":"binary-expr","locations":[{"start":{"line":35,"column":11},"end":{"line":35,"column":25}},{"start":{"line":35,"column":29},"end":{"line":35,"column":52}}],"line":35},"4":{"loc":{"start":{"line":47,"column":11},"end":{"line":47,"column":55}},"type":"cond-expr","locations":[{"start":{"line":47,"column":24},"end":{"line":47,"column":38}},{"start":{"line":47,"column":41},"end":{"line":47,"column":55}}],"line":47},"5":{"loc":{"start":{"line":51,"column":7},"end":{"line":74,"column":7}},"type":"binary-expr","locations":[{"start":{"line":51,"column":7},"end":{"line":51,"column":17}},{"start":{"line":52,"column":8},"end":{"line":73,"column":14}}],"line":51},"6":{"loc":{"start":{"line":60,"column":13},"end":{"line":60,"column":60}},"type":"binary-expr","locations":[{"start":{"line":60,"column":13},"end":{"line":60,"column":30}},{"start":{"line":60,"column":34},"end":{"line":60,"column":60}}],"line":60},"7":{"loc":{"start":{"line":62,"column":11},"end":{"line":72,"column":11}},"type":"binary-expr","locations":[{"start":{"line":62,"column":11},"end":{"line":62,"column":25}},{"start":{"line":63,"column":12},"end":{"line":71,"column":16}}],"line":62},"8":{"loc":{"start":{"line":68,"column":34},"end":{"line":68,"column":58}},"type":"binary-expr","locations":[{"start":{"line":68,"column":34},"end":{"line":68,"column":47}},{"start":{"line":68,"column":51},"end":{"line":68,"column":58}}],"line":68}},"s":{"0":3,"1":55,"2":55,"3":8,"4":55,"5":55,"6":4,"7":51,"8":51,"9":51,"10":0,"11":0,"12":55,"13":3},"f":{"0":55,"1":8,"2":55},"b":{"0":[4,51],"1":[55,3],"2":[55,3],"3":[55,3],"4":[6,49],"5":[55,6],"6":[6,0],"7":[6,6],"8":[6,0]},"_coverageSchema":"1a1c01bbd47fc00a2c39e90264f33305004495a9","hash":"0a9b850521a1468efaa05132d558bf8ea54487c5"}
,"/Users/awilliams9323/git_personal/meet/src/components/EventList.jsx": {"path":"/Users/awilliams9323/git_personal/meet/src/components/EventList.jsx","statementMap":{"0":{"start":{"line":5,"column":18},"end":{"line":30,"column":1}},"1":{"start":{"line":6,"column":20},"end":{"line":6,"column":47}},"2":{"start":{"line":8,"column":2},"end":{"line":29,"column":4}},"3":{"start":{"line":17,"column":10},"end":{"line":21,"column":12}},"4":{"start":{"line":32,"column":0},"end":{"line":49,"column":2}}},"fnMap":{"0":{"name":"(anonymous_0)","decl":{"start":{"line":5,"column":18},"end":{"line":5,"column":19}},"loc":{"start":{"line":5,"column":39},"end":{"line":30,"column":1}},"line":5},"1":{"name":"(anonymous_1)","decl":{"start":{"line":16,"column":19},"end":{"line":16,"column":20}},"loc":{"start":{"line":17,"column":10},"end":{"line":21,"column":12}},"line":17}},"branchMap":{"0":{"loc":{"start":{"line":5,"column":21},"end":{"line":5,"column":32}},"type":"default-arg","locations":[{"start":{"line":5,"column":30},"end":{"line":5,"column":32}}],"line":5},"1":{"loc":{"start":{"line":6,"column":20},"end":{"line":6,"column":47}},"type":"binary-expr","locations":[{"start":{"line":6,"column":20},"end":{"line":6,"column":26}},{"start":{"line":6,"column":30},"end":{"line":6,"column":47}}],"line":6},"2":{"loc":{"start":{"line":15,"column":7},"end":{"line":27,"column":7}},"type":"cond-expr","locations":[{"start":{"line":16,"column":8},"end":{"line":22,"column":10}},{"start":{"line":24,"column":8},"end":{"line":26,"column":13}}],"line":15},"3":{"loc":{"start":{"line":20,"column":34},"end":{"line":20,"column":71}},"type":"binary-expr","locations":[{"start":{"line":20,"column":34},"end":{"line":20,"column":47}},{"start":{"line":20,"column":51},"end":{"line":20,"column":71}}],"line":20}},"s":{"0":2,"1":23,"2":23,"3":26,"4":2},"f":{"0":23,"1":26},"b":{"0":[8],"1":[23,22],"2":[12,11],"3":[26,2]},"_coverageSchema":"1a1c01bbd47fc00a2c39e90264f33305004495a9","hash":"da294f25025c2cefa537ac44692d5ff3e536df28"}
,"/Users/awilliams9323/git_personal/meet/src/components/NumberOfEvents.jsx": {"path":"/Users/awilliams9323/git_personal/meet/src/components/NumberOfEvents.jsx","statementMap":{"0":{"start":{"line":4,"column":23},"end":{"line":68,"column":1}},"1":{"start":{"line":5,"column":28},"end":{"line":5,"column":52}},"2":{"start":{"line":6,"column":28},"end":{"line":6,"column":40}},"3":{"start":{"line":8,"column":28},"end":{"line":35,"column":22}},"4":{"start":{"line":9,"column":21},"end":{"line":9,"column":39}},"5":{"start":{"line":10,"column":19},"end":{"line":10,"column":41}},"6":{"start":{"line":13,"column":4},"end":{"line":17,"column":5}},"7":{"start":{"line":14,"column":6},"end":{"line":14,"column":18}},"8":{"start":{"line":15,"column":6},"end":{"line":15,"column":46}},"9":{"start":{"line":16,"column":6},"end":{"line":16,"column":13}},"10":{"start":{"line":20,"column":4},"end":{"line":28,"column":5}},"11":{"start":{"line":21,"column":6},"end":{"line":21,"column":19}},"12":{"start":{"line":22,"column":6},"end":{"line":22,"column":44}},"13":{"start":{"line":23,"column":11},"end":{"line":28,"column":5}},"14":{"start":{"line":24,"column":6},"end":{"line":24,"column":22}},"15":{"start":{"line":25,"column":6},"end":{"line":25,"column":59}},"16":{"start":{"line":27,"column":6},"end":{"line":27,"column":19}},"17":{"start":{"line":31,"column":4},"end":{"line":31,"column":23}},"18":{"start":{"line":32,"column":4},"end":{"line":34,"column":5}},"19":{"start":{"line":33,"column":6},"end":{"line":33,"column":31}},"20":{"start":{"line":37,"column":2},"end":{"line":67,"column":4}},"21":{"start":{"line":70,"column":0},"end":{"line":73,"column":2}}},"fnMap":{"0":{"name":"(anonymous_0)","decl":{"start":{"line":4,"column":23},"end":{"line":4,"column":24}},"loc":{"start":{"line":4,"column":68},"end":{"line":68,"column":1}},"line":4},"1":{"name":"(anonymous_1)","decl":{"start":{"line":8,"column":40},"end":{"line":8,"column":41}},"loc":{"start":{"line":8,"column":51},"end":{"line":35,"column":3}},"line":8}},"branchMap":{"0":{"loc":{"start":{"line":4,"column":26},"end":{"line":4,"column":45}},"type":"default-arg","locations":[{"start":{"line":4,"column":43},"end":{"line":4,"column":45}}],"line":4},"1":{"loc":{"start":{"line":13,"column":4},"end":{"line":17,"column":5}},"type":"if","locations":[{"start":{"line":13,"column":4},"end":{"line":17,"column":5}},{"start":{},"end":{}}],"line":13},"2":{"loc":{"start":{"line":20,"column":4},"end":{"line":28,"column":5}},"type":"if","locations":[{"start":{"line":20,"column":4},"end":{"line":28,"column":5}},{"start":{"line":23,"column":11},"end":{"line":28,"column":5}}],"line":20},"3":{"loc":{"start":{"line":23,"column":11},"end":{"line":28,"column":5}},"type":"if","locations":[{"start":{"line":23,"column":11},"end":{"line":28,"column":5}},{"start":{"line":26,"column":11},"end":{"line":28,"column":5}}],"line":23},"4":{"loc":{"start":{"line":32,"column":4},"end":{"line":34,"column":5}},"type":"if","locations":[{"start":{"line":32,"column":4},"end":{"line":34,"column":5}},{"start":{},"end":{}}],"line":32},"5":{"loc":{"start":{"line":55,"column":26},"end":{"line":55,"column":70}},"type":"cond-expr","locations":[{"start":{"line":55,"column":34},"end":{"line":55,"column":58}},{"start":{"line":55,"column":61},"end":{"line":55,"column":70}}],"line":55},"6":{"loc":{"start":{"line":57,"column":7},"end":{"line":65,"column":7}},"type":"binary-expr","locations":[{"start":{"line":57,"column":7},"end":{"line":57,"column":12}},{"start":{"line":58,"column":8},"end":{"line":64,"column":14}}],"line":57}},"s":{"0":2,"1":33,"2":33,"3":33,"4":17,"5":17,"6":17,"7":7,"8":7,"9":7,"10":10,"11":0,"12":0,"13":10,"14":1,"15":1,"16":9,"17":10,"18":10,"19":3,"20":33,"21":2},"f":{"0":33,"1":17},"b":{"0":[18],"1":[7,10],"2":[0,10],"3":[1,9],"4":[3,7],"5":[8,25],"6":[33,8]},"_coverageSchema":"1a1c01bbd47fc00a2c39e90264f33305004495a9","hash":"cdecf3ee4bff98d20d87aeb68777921448293f12"}
}
