TN:
SF:src/App.jsx
FN:7,(anonymous_0)
FNF:1
FNH:1
FNDA:3,(anonymous_0)
DA:7,1
DA:8,3
DA:9,3
DA:11,3
LF:4
LH:4
BRF:0
BRH:0
end_of_record
TN:
SF:src/components/CitySearch.jsx
FN:3,(anonymous_0)
FN:11,(anonymous_1)
FNF:2
FNH:2
FNDA:6,(anonymous_0)
FNDA:1,(anonymous_1)
DA:3,2
DA:4,6
DA:6,6
DA:11,1
LF:4
LH:4
BRDA:13,0,0,6
BRDA:13,0,1,1
BRF:2
BRH:2
end_of_record
TN:
SF:src/components/Event.jsx
FN:4,(anonymous_0)
FN:9,(anonymous_1)
FN:39,(anonymous_2)
FNF:3
FNH:3
FNDA:13,(anonymous_0)
FNDA:12,(anonymous_1)
FNDA:3,(anonymous_2)
DA:4,1
DA:5,13
DA:7,13
DA:9,12
DA:10,12
DA:18,12
DA:22,12
DA:23,12
DA:24,12
DA:25,12
DA:26,12
DA:28,12
DA:39,3
DA:70,1
LF:14
LH:14
BRDA:7,0,0,1
BRDA:7,0,1,12
BRDA:16,1,0,12
BRDA:16,1,1,0
BRDA:22,2,0,12
BRDA:22,2,1,0
BRDA:23,3,0,12
BRDA:23,3,1,1
BRDA:24,4,0,12
BRDA:24,4,1,1
BRDA:25,5,0,12
BRDA:25,5,1,3
BRDA:25,5,2,2
BRDA:26,6,0,12
BRDA:26,6,1,3
BRDA:43,7,0,2
BRDA:43,7,1,10
BRDA:46,8,0,12
BRDA:46,8,1,2
BRDA:54,9,0,2
BRDA:54,9,1,2
BRF:21
BRH:19
end_of_record
TN:
SF:src/components/EventList.jsx
FN:3,(anonymous_0)
FN:6,(anonymous_1)
FNF:2
FNH:2
FNDA:5,(anonymous_0)
FNDA:3,(anonymous_1)
DA:3,2
DA:4,5
DA:7,3
LF:3
LH:3
BRDA:3,0,0,1
BRF:1
BRH:1
end_of_record
TN:
SF:src/components/NumberOfEvents.jsx
FN:4,(anonymous_0)
FN:8,(anonymous_1)
FNF:2
FNH:2
FNDA:24,(anonymous_0)
FNDA:13,(anonymous_1)
DA:4,2
DA:5,24
DA:6,24
DA:8,24
DA:9,13
DA:10,13
DA:13,13
DA:14,6
DA:15,6
DA:18,7
DA:19,7
DA:20,0
DA:21,0
DA:24,7
DA:25,3
DA:26,3
DA:29,4
DA:30,4
DA:33,24
DA:66,2
LF:20
LH:18
BRDA:4,0,0,20
BRDA:13,1,0,6
BRDA:13,1,1,7
BRDA:19,2,0,0
BRDA:19,2,1,7
BRDA:24,3,0,3
BRDA:24,3,1,4
BRDA:30,4,0,4
BRDA:30,4,1,2
BRDA:49,5,0,9
BRDA:49,5,1,15
BRDA:52,6,0,24
BRDA:52,6,1,9
BRF:13
BRH:12
end_of_record
