TN:
SF:src/App.jsx
FN:8,(anonymous_0)
FN:16,(anonymous_1)
FN:20,(anonymous_2)
FN:34,(anonymous_3)
FN:42,(anonymous_4)
FN:48,(anonymous_5)
FN:54,(anonymous_6)
FNF:7
FNH:5
FNDA:22,(anonymous_0)
FNDA:10,(anonymous_1)
FNDA:10,(anonymous_2)
FNDA:1,(anonymous_3)
FNDA:0,(anonymous_4)
FNDA:1,(anonymous_5)
FNDA:0,(anonymous_6)
DA:8,1
DA:9,22
DA:10,21
DA:11,21
DA:12,21
DA:13,21
DA:14,21
DA:16,21
DA:17,10
DA:20,21
DA:21,10
DA:22,10
DA:23,10
DA:24,9
DA:25,9
DA:27,1
DA:28,1
DA:30,10
DA:34,21
DA:35,1
DA:37,1
DA:38,1
DA:39,1
DA:42,0
DA:43,0
DA:45,0
DA:48,21
DA:49,1
DA:51,1
DA:52,1
DA:54,0
DA:55,0
DA:57,0
DA:61,21
DA:62,1
DA:69,20
LF:36
LH:30
BRDA:37,0,0,1
BRDA:37,0,1,0
BRDA:51,1,0,1
BRDA:51,1,1,0
BRDA:51,2,0,1
BRDA:51,2,1,1
BRDA:61,3,0,1
BRDA:61,3,1,20
BRDA:72,4,0,10
BRDA:72,4,1,10
BRF:10
BRH:8
end_of_record
TN:
SF:src/api.js
FN:55,(anonymous_0)
FN:56,(anonymous_1)
FN:65,(anonymous_2)
FNF:3
FNH:3
FNDA:6,(anonymous_0)
FNDA:18,(anonymous_1)
FNDA:9,(anonymous_2)
DA:2,4
DA:55,4
DA:56,18
DA:57,6
DA:58,6
DA:65,4
DA:67,9
LF:7
LH:7
BRF:0
BRH:0
end_of_record
TN:
SF:src/components/CitySearch.jsx
FN:4,(anonymous_0)
FN:10,(anonymous_1)
FN:12,(anonymous_2)
FN:22,(anonymous_3)
FN:31,(anonymous_4)
FN:41,(anonymous_5)
FN:47,(anonymous_6)
FN:76,(anonymous_7)
FN:87,(anonymous_8)
FN:93,(anonymous_9)
FN:101,(anonymous_10)
FNF:11
FNH:10
FNDA:88,(anonymous_0)
FNDA:47,(anonymous_1)
FNDA:87,(anonymous_2)
FNDA:2,(anonymous_3)
FNDA:49,(anonymous_4)
FNDA:1,(anonymous_5)
FNDA:0,(anonymous_6)
FNDA:11,(anonymous_7)
FNDA:28,(anonymous_8)
FNDA:1,(anonymous_9)
FNDA:1,(anonymous_10)
DA:4,2
DA:5,88
DA:6,88
DA:7,88
DA:8,88
DA:10,88
DA:11,47
DA:12,47
DA:13,87
DA:16,47
DA:17,47
DA:18,47
DA:19,47
DA:22,88
DA:23,2
DA:24,2
DA:25,2
DA:26,2
DA:27,1
DA:31,88
DA:32,49
DA:34,49
DA:36,1
DA:37,1
DA:38,1
DA:40,1
DA:41,1
DA:42,1
DA:44,1
DA:46,0
DA:47,0
DA:48,0
DA:50,0
DA:51,0
DA:53,0
DA:55,47
DA:59,88
DA:76,11
DA:88,28
DA:93,1
DA:101,1
DA:111,2
LF:42
LH:36
BRDA:4,0,0,44
BRDA:12,1,0,47
BRDA:12,1,1,0
BRDA:26,2,0,1
BRDA:26,2,1,1
BRDA:32,3,0,0
BRDA:32,3,1,49
BRDA:34,4,0,1
BRDA:34,4,1,1
BRDA:34,4,2,0
BRDA:34,4,3,0
BRDA:34,4,4,47
BRDA:42,5,0,1
BRDA:42,5,1,0
BRDA:47,6,0,0
BRDA:47,6,1,0
BRDA:50,7,0,0
BRDA:50,7,1,0
BRDA:80,8,0,88
BRDA:80,8,1,59
BRDA:92,9,0,1
BRDA:92,9,1,27
BRF:22
BRH:13
end_of_record
TN:
SF:src/components/Event.jsx
FN:4,(anonymous_0)
FN:7,(anonymous_1)
FN:11,(anonymous_2)
FNF:3
FNH:3
FNDA:55,(anonymous_0)
FNDA:8,(anonymous_1)
FNDA:55,(anonymous_2)
DA:4,3
DA:5,55
DA:7,55
DA:8,8
DA:11,55
DA:12,55
DA:13,51
DA:14,51
DA:15,51
DA:20,0
DA:21,0
DA:25,55
DA:79,3
LF:13
LH:11
BRDA:12,0,0,4
BRDA:12,0,1,51
BRDA:29,1,0,55
BRDA:29,1,1,3
BRDA:32,2,0,55
BRDA:32,2,1,3
BRDA:35,3,0,55
BRDA:35,3,1,3
BRDA:47,4,0,6
BRDA:47,4,1,49
BRDA:51,5,0,55
BRDA:51,5,1,6
BRDA:60,6,0,6
BRDA:60,6,1,0
BRDA:62,7,0,6
BRDA:62,7,1,6
BRDA:68,8,0,6
BRDA:68,8,1,0
BRF:18
BRH:16
end_of_record
TN:
SF:src/components/EventList.jsx
FN:5,(anonymous_0)
FN:16,(anonymous_1)
FNF:2
FNH:2
FNDA:23,(anonymous_0)
FNDA:26,(anonymous_1)
DA:5,2
DA:6,23
DA:8,23
DA:17,26
DA:32,2
LF:5
LH:5
BRDA:5,0,0,8
BRDA:6,1,0,23
BRDA:6,1,1,22
BRDA:15,2,0,12
BRDA:15,2,1,11
BRDA:20,3,0,26
BRDA:20,3,1,2
BRF:7
BRH:7
end_of_record
TN:
SF:src/components/NumberOfEvents.jsx
FN:4,(anonymous_0)
FN:8,(anonymous_1)
FNF:2
FNH:2
FNDA:33,(anonymous_0)
FNDA:17,(anonymous_1)
DA:4,2
DA:5,33
DA:6,33
DA:8,33
DA:9,17
DA:10,17
DA:13,17
DA:14,7
DA:15,7
DA:16,7
DA:20,10
DA:21,0
DA:22,0
DA:23,10
DA:24,1
DA:25,1
DA:27,9
DA:31,10
DA:32,10
DA:33,3
DA:37,33
DA:70,2
LF:22
LH:20
BRDA:4,0,0,18
BRDA:13,1,0,7
BRDA:13,1,1,10
BRDA:20,2,0,0
BRDA:20,2,1,10
BRDA:23,3,0,1
BRDA:23,3,1,9
BRDA:32,4,0,3
BRDA:32,4,1,7
BRDA:55,5,0,8
BRDA:55,5,1,25
BRDA:57,6,0,33
BRDA:57,6,1,8
BRF:13
BRH:12
end_of_record
